C:\Graphics Libraries\Binaries\Using vtk 5.9.0\InsightApplications-3.20.0\ImageViewer\Debug\ImageViewer.exp
C:\Graphics Libraries\Binaries\Using vtk 5.9.0\InsightApplications-3.20.0\ImageViewer\Debug\ImageViewer.lib
C:\GRAPHICS LIBRARIES\BINARIES\USING VTK 5.9.0\INSIGHTAPPLICATIONS-3.20.0\IMAGEVIEWER\DEBUG\IMAGEVIEWER.PDB
C:\Projects\SVN Repository\Debug\CalculationsPackage.dll
C:\Projects\SVN Repository\Debug\CalculationsPackage.pdb
C:\PROJECTS\SVN REPOSITORY\DEBUG\IMAGEVIEWER.EXE
C:\PROJECTS\SVN REPOSITORY\DEBUG\IMAGEVIEWER.ILK
C:\PROJECTS\SVN REPOSITORY\DEBUG\IMAGEVIEWER.PDB
C:\Projects\SVN Repository\Debug\Interop.DexterLib.dll
C:\Projects\SVN Repository\Debug\JockerSoft.Media.dll
C:\Projects\SVN Repository\Debug\JockerSoft.Media.pdb
C:\PROJECTS\SVN REPOSITORY\IMAGEVIEWER\IMAGEVIEWER.DIR\DEBUG\.NETFRAMEWORK,VERSION=V4.0.ASSEMBLYATTRIBUTES.OBJ
C:\Projects\SVN Repository\ImageViewer\ImageViewer.dir\Debug\cl.command.1.tlog
C:\Projects\SVN Repository\ImageViewer\ImageViewer.dir\Debug\CL.read.1.tlog
C:\Projects\SVN Repository\ImageViewer\ImageViewer.dir\Debug\CL.write.1.tlog
C:\PROJECTS\SVN REPOSITORY\IMAGEVIEWER\IMAGEVIEWER.DIR\DEBUG\IMAGESLICING.OBJ
C:\PROJECTS\SVN REPOSITORY\IMAGEVIEWER\IMAGEVIEWER.DIR\DEBUG\IMAGEVIEWER.EXE.EMBED.MANIFEST
C:\PROJECTS\SVN REPOSITORY\IMAGEVIEWER\IMAGEVIEWER.DIR\DEBUG\IMAGEVIEWER.EXE.EMBED.MANIFEST.RES
C:\PROJECTS\SVN REPOSITORY\IMAGEVIEWER\IMAGEVIEWER.DIR\DEBUG\IMAGEVIEWER.EXE.INTERMEDIATE.MANIFEST
C:\PROJECTS\SVN REPOSITORY\IMAGEVIEWER\IMAGEVIEWER.DIR\DEBUG\IMAGEVIEWER.OBJ
C:\Projects\SVN Repository\ImageViewer\ImageViewer.dir\Debug\ImageViewer.write.1.tlog
C:\Projects\SVN Repository\ImageViewer\ImageViewer.dir\Debug\ImageViewer_manifest.rc
C:\Projects\SVN Repository\ImageViewer\ImageViewer.dir\Debug\link.10272.read.1.tlog
C:\Projects\SVN Repository\ImageViewer\ImageViewer.dir\Debug\link.10272.write.1.tlog
C:\Projects\SVN Repository\ImageViewer\ImageViewer.dir\Debug\link.11028.read.1.tlog
C:\Projects\SVN Repository\ImageViewer\ImageViewer.dir\Debug\link.11028.write.1.tlog
C:\Projects\SVN Repository\ImageViewer\ImageViewer.dir\Debug\link.11088.read.1.tlog
C:\Projects\SVN Repository\ImageViewer\ImageViewer.dir\Debug\link.11088.write.1.tlog
C:\Projects\SVN Repository\ImageViewer\ImageViewer.dir\Debug\link.11088-cvtres.read.1.tlog
C:\Projects\SVN Repository\ImageViewer\ImageViewer.dir\Debug\link.11088-cvtres.write.1.tlog
C:\Projects\SVN Repository\ImageViewer\ImageViewer.dir\Debug\link.11720.read.1.tlog
C:\Projects\SVN Repository\ImageViewer\ImageViewer.dir\Debug\link.11720.write.1.tlog
C:\Projects\SVN Repository\ImageViewer\ImageViewer.dir\Debug\link.1300.read.1.tlog
C:\Projects\SVN Repository\ImageViewer\ImageViewer.dir\Debug\link.1300.write.1.tlog
C:\Projects\SVN Repository\ImageViewer\ImageViewer.dir\Debug\link.1308.read.1.tlog
C:\Projects\SVN Repository\ImageViewer\ImageViewer.dir\Debug\link.1308.write.1.tlog
C:\Projects\SVN Repository\ImageViewer\ImageViewer.dir\Debug\link.1692.read.1.tlog
C:\Projects\SVN Repository\ImageViewer\ImageViewer.dir\Debug\link.1692.write.1.tlog
C:\Projects\SVN Repository\ImageViewer\ImageViewer.dir\Debug\link.1704.read.1.tlog
C:\Projects\SVN Repository\ImageViewer\ImageViewer.dir\Debug\link.1704.write.1.tlog
C:\Projects\SVN Repository\ImageViewer\ImageViewer.dir\Debug\link.1808.read.1.tlog
C:\Projects\SVN Repository\ImageViewer\ImageViewer.dir\Debug\link.1808.write.1.tlog
C:\Projects\SVN Repository\ImageViewer\ImageViewer.dir\Debug\link.2832.read.1.tlog
C:\Projects\SVN Repository\ImageViewer\ImageViewer.dir\Debug\link.2832.write.1.tlog
C:\Projects\SVN Repository\ImageViewer\ImageViewer.dir\Debug\link.2964.read.1.tlog
C:\Projects\SVN Repository\ImageViewer\ImageViewer.dir\Debug\link.2964.write.1.tlog
C:\Projects\SVN Repository\ImageViewer\ImageViewer.dir\Debug\link.2972.read.1.tlog
C:\Projects\SVN Repository\ImageViewer\ImageViewer.dir\Debug\link.2972.write.1.tlog
C:\Projects\SVN Repository\ImageViewer\ImageViewer.dir\Debug\link.3240.read.1.tlog
C:\Projects\SVN Repository\ImageViewer\ImageViewer.dir\Debug\link.3240.write.1.tlog
C:\Projects\SVN Repository\ImageViewer\ImageViewer.dir\Debug\link.3804.read.1.tlog
C:\Projects\SVN Repository\ImageViewer\ImageViewer.dir\Debug\link.3804.write.1.tlog
C:\Projects\SVN Repository\ImageViewer\ImageViewer.dir\Debug\link.4156.read.1.tlog
C:\Projects\SVN Repository\ImageViewer\ImageViewer.dir\Debug\link.4156.write.1.tlog
C:\Projects\SVN Repository\ImageViewer\ImageViewer.dir\Debug\link.4352.read.1.tlog
C:\Projects\SVN Repository\ImageViewer\ImageViewer.dir\Debug\link.4352.write.1.tlog
C:\Projects\SVN Repository\ImageViewer\ImageViewer.dir\Debug\link.4412.read.1.tlog
C:\Projects\SVN Repository\ImageViewer\ImageViewer.dir\Debug\link.4412.write.1.tlog
C:\Projects\SVN Repository\ImageViewer\ImageViewer.dir\Debug\link.4540.read.1.tlog
C:\Projects\SVN Repository\ImageViewer\ImageViewer.dir\Debug\link.4540.write.1.tlog
C:\Projects\SVN Repository\ImageViewer\ImageViewer.dir\Debug\link.4900.read.1.tlog
C:\Projects\SVN Repository\ImageViewer\ImageViewer.dir\Debug\link.4900.write.1.tlog
C:\Projects\SVN Repository\ImageViewer\ImageViewer.dir\Debug\link.5036.read.1.tlog
C:\Projects\SVN Repository\ImageViewer\ImageViewer.dir\Debug\link.5036.write.1.tlog
C:\Projects\SVN Repository\ImageViewer\ImageViewer.dir\Debug\link.5056.read.1.tlog
C:\Projects\SVN Repository\ImageViewer\ImageViewer.dir\Debug\link.5056.write.1.tlog
C:\Projects\SVN Repository\ImageViewer\ImageViewer.dir\Debug\link.5168.read.1.tlog
C:\Projects\SVN Repository\ImageViewer\ImageViewer.dir\Debug\link.5168.write.1.tlog
C:\Projects\SVN Repository\ImageViewer\ImageViewer.dir\Debug\link.5208.read.1.tlog
C:\Projects\SVN Repository\ImageViewer\ImageViewer.dir\Debug\link.5208.write.1.tlog
C:\Projects\SVN Repository\ImageViewer\ImageViewer.dir\Debug\link.5220.read.1.tlog
C:\Projects\SVN Repository\ImageViewer\ImageViewer.dir\Debug\link.5220.write.1.tlog
C:\Projects\SVN Repository\ImageViewer\ImageViewer.dir\Debug\link.5460.read.1.tlog
C:\Projects\SVN Repository\ImageViewer\ImageViewer.dir\Debug\link.5460.write.1.tlog
C:\Projects\SVN Repository\ImageViewer\ImageViewer.dir\Debug\link.5628.read.1.tlog
C:\Projects\SVN Repository\ImageViewer\ImageViewer.dir\Debug\link.5628.write.1.tlog
C:\Projects\SVN Repository\ImageViewer\ImageViewer.dir\Debug\link.5672.read.1.tlog
C:\Projects\SVN Repository\ImageViewer\ImageViewer.dir\Debug\link.5672.write.1.tlog
C:\Projects\SVN Repository\ImageViewer\ImageViewer.dir\Debug\link.5812.read.1.tlog
C:\Projects\SVN Repository\ImageViewer\ImageViewer.dir\Debug\link.5812.write.1.tlog
C:\Projects\SVN Repository\ImageViewer\ImageViewer.dir\Debug\link.6076.read.1.tlog
C:\Projects\SVN Repository\ImageViewer\ImageViewer.dir\Debug\link.6076.write.1.tlog
C:\Projects\SVN Repository\ImageViewer\ImageViewer.dir\Debug\link.6192.read.1.tlog
C:\Projects\SVN Repository\ImageViewer\ImageViewer.dir\Debug\link.6192.write.1.tlog
C:\Projects\SVN Repository\ImageViewer\ImageViewer.dir\Debug\link.6264.read.1.tlog
C:\Projects\SVN Repository\ImageViewer\ImageViewer.dir\Debug\link.6264.write.1.tlog
C:\Projects\SVN Repository\ImageViewer\ImageViewer.dir\Debug\link.6320.read.1.tlog
C:\Projects\SVN Repository\ImageViewer\ImageViewer.dir\Debug\link.6320.write.1.tlog
C:\Projects\SVN Repository\ImageViewer\ImageViewer.dir\Debug\link.6368.read.1.tlog
C:\Projects\SVN Repository\ImageViewer\ImageViewer.dir\Debug\link.6368.write.1.tlog
C:\Projects\SVN Repository\ImageViewer\ImageViewer.dir\Debug\link.6388.read.1.tlog
C:\Projects\SVN Repository\ImageViewer\ImageViewer.dir\Debug\link.6388.write.1.tlog
C:\Projects\SVN Repository\ImageViewer\ImageViewer.dir\Debug\link.6400.read.1.tlog
C:\Projects\SVN Repository\ImageViewer\ImageViewer.dir\Debug\link.6400.write.1.tlog
C:\Projects\SVN Repository\ImageViewer\ImageViewer.dir\Debug\link.6484.read.1.tlog
C:\Projects\SVN Repository\ImageViewer\ImageViewer.dir\Debug\link.6484.write.1.tlog
C:\Projects\SVN Repository\ImageViewer\ImageViewer.dir\Debug\link.6508.read.1.tlog
C:\Projects\SVN Repository\ImageViewer\ImageViewer.dir\Debug\link.6508.write.1.tlog
C:\Projects\SVN Repository\ImageViewer\ImageViewer.dir\Debug\link.6624.read.1.tlog
C:\Projects\SVN Repository\ImageViewer\ImageViewer.dir\Debug\link.6624.write.1.tlog
C:\Projects\SVN Repository\ImageViewer\ImageViewer.dir\Debug\link.6732.read.1.tlog
C:\Projects\SVN Repository\ImageViewer\ImageViewer.dir\Debug\link.6732.write.1.tlog
C:\Projects\SVN Repository\ImageViewer\ImageViewer.dir\Debug\link.6748.read.1.tlog
C:\Projects\SVN Repository\ImageViewer\ImageViewer.dir\Debug\link.6748.write.1.tlog
C:\Projects\SVN Repository\ImageViewer\ImageViewer.dir\Debug\link.6752.read.1.tlog
C:\Projects\SVN Repository\ImageViewer\ImageViewer.dir\Debug\link.6752.write.1.tlog
C:\Projects\SVN Repository\ImageViewer\ImageViewer.dir\Debug\link.6844.read.1.tlog
C:\Projects\SVN Repository\ImageViewer\ImageViewer.dir\Debug\link.6844.write.1.tlog
C:\Projects\SVN Repository\ImageViewer\ImageViewer.dir\Debug\link.6888.read.1.tlog
C:\Projects\SVN Repository\ImageViewer\ImageViewer.dir\Debug\link.6888.write.1.tlog
C:\Projects\SVN Repository\ImageViewer\ImageViewer.dir\Debug\link.6956.read.1.tlog
C:\Projects\SVN Repository\ImageViewer\ImageViewer.dir\Debug\link.6956.write.1.tlog
C:\Projects\SVN Repository\ImageViewer\ImageViewer.dir\Debug\link.7012.read.1.tlog
C:\Projects\SVN Repository\ImageViewer\ImageViewer.dir\Debug\link.7012.write.1.tlog
C:\Projects\SVN Repository\ImageViewer\ImageViewer.dir\Debug\link.7208.read.1.tlog
C:\Projects\SVN Repository\ImageViewer\ImageViewer.dir\Debug\link.7208.write.1.tlog
C:\Projects\SVN Repository\ImageViewer\ImageViewer.dir\Debug\link.7284.read.1.tlog
C:\Projects\SVN Repository\ImageViewer\ImageViewer.dir\Debug\link.7284.write.1.tlog
C:\Projects\SVN Repository\ImageViewer\ImageViewer.dir\Debug\link.7356.read.1.tlog
C:\Projects\SVN Repository\ImageViewer\ImageViewer.dir\Debug\link.7356.write.1.tlog
C:\Projects\SVN Repository\ImageViewer\ImageViewer.dir\Debug\link.7448.read.1.tlog
C:\Projects\SVN Repository\ImageViewer\ImageViewer.dir\Debug\link.7448.write.1.tlog
C:\Projects\SVN Repository\ImageViewer\ImageViewer.dir\Debug\link.7452.read.1.tlog
C:\Projects\SVN Repository\ImageViewer\ImageViewer.dir\Debug\link.7452.write.1.tlog
C:\Projects\SVN Repository\ImageViewer\ImageViewer.dir\Debug\link.7492.read.1.tlog
C:\Projects\SVN Repository\ImageViewer\ImageViewer.dir\Debug\link.7492.write.1.tlog
C:\Projects\SVN Repository\ImageViewer\ImageViewer.dir\Debug\link.7496.read.1.tlog
C:\Projects\SVN Repository\ImageViewer\ImageViewer.dir\Debug\link.7496.write.1.tlog
C:\Projects\SVN Repository\ImageViewer\ImageViewer.dir\Debug\link.7544.read.1.tlog
C:\Projects\SVN Repository\ImageViewer\ImageViewer.dir\Debug\link.7544.write.1.tlog
C:\Projects\SVN Repository\ImageViewer\ImageViewer.dir\Debug\link.7616.read.1.tlog
C:\Projects\SVN Repository\ImageViewer\ImageViewer.dir\Debug\link.7616.write.1.tlog
C:\Projects\SVN Repository\ImageViewer\ImageViewer.dir\Debug\link.7628.read.1.tlog
C:\Projects\SVN Repository\ImageViewer\ImageViewer.dir\Debug\link.7628.write.1.tlog
C:\Projects\SVN Repository\ImageViewer\ImageViewer.dir\Debug\link.7764.read.1.tlog
C:\Projects\SVN Repository\ImageViewer\ImageViewer.dir\Debug\link.7764.write.1.tlog
C:\Projects\SVN Repository\ImageViewer\ImageViewer.dir\Debug\link.7800.read.1.tlog
C:\Projects\SVN Repository\ImageViewer\ImageViewer.dir\Debug\link.7800.write.1.tlog
C:\Projects\SVN Repository\ImageViewer\ImageViewer.dir\Debug\link.7968.read.1.tlog
C:\Projects\SVN Repository\ImageViewer\ImageViewer.dir\Debug\link.7968.write.1.tlog
C:\Projects\SVN Repository\ImageViewer\ImageViewer.dir\Debug\link.8032.read.1.tlog
C:\Projects\SVN Repository\ImageViewer\ImageViewer.dir\Debug\link.8032.write.1.tlog
C:\Projects\SVN Repository\ImageViewer\ImageViewer.dir\Debug\link.8060.read.1.tlog
C:\Projects\SVN Repository\ImageViewer\ImageViewer.dir\Debug\link.8060.write.1.tlog
C:\Projects\SVN Repository\ImageViewer\ImageViewer.dir\Debug\link.8064.read.1.tlog
C:\Projects\SVN Repository\ImageViewer\ImageViewer.dir\Debug\link.8064.write.1.tlog
C:\Projects\SVN Repository\ImageViewer\ImageViewer.dir\Debug\link.8096.read.1.tlog
C:\Projects\SVN Repository\ImageViewer\ImageViewer.dir\Debug\link.8096.write.1.tlog
C:\Projects\SVN Repository\ImageViewer\ImageViewer.dir\Debug\link.8268.read.1.tlog
C:\Projects\SVN Repository\ImageViewer\ImageViewer.dir\Debug\link.8268.write.1.tlog
C:\Projects\SVN Repository\ImageViewer\ImageViewer.dir\Debug\link.8428.read.1.tlog
C:\Projects\SVN Repository\ImageViewer\ImageViewer.dir\Debug\link.8428.write.1.tlog
C:\Projects\SVN Repository\ImageViewer\ImageViewer.dir\Debug\link.8476.read.1.tlog
C:\Projects\SVN Repository\ImageViewer\ImageViewer.dir\Debug\link.8476.write.1.tlog
C:\Projects\SVN Repository\ImageViewer\ImageViewer.dir\Debug\link.8592.read.1.tlog
C:\Projects\SVN Repository\ImageViewer\ImageViewer.dir\Debug\link.8592.write.1.tlog
C:\Projects\SVN Repository\ImageViewer\ImageViewer.dir\Debug\link.8856.read.1.tlog
C:\Projects\SVN Repository\ImageViewer\ImageViewer.dir\Debug\link.8856.write.1.tlog
C:\Projects\SVN Repository\ImageViewer\ImageViewer.dir\Debug\link.8888.read.1.tlog
C:\Projects\SVN Repository\ImageViewer\ImageViewer.dir\Debug\link.8888.write.1.tlog
C:\Projects\SVN Repository\ImageViewer\ImageViewer.dir\Debug\link.9092.read.1.tlog
C:\Projects\SVN Repository\ImageViewer\ImageViewer.dir\Debug\link.9092.write.1.tlog
C:\Projects\SVN Repository\ImageViewer\ImageViewer.dir\Debug\link.9168.read.1.tlog
C:\Projects\SVN Repository\ImageViewer\ImageViewer.dir\Debug\link.9168.write.1.tlog
C:\Projects\SVN Repository\ImageViewer\ImageViewer.dir\Debug\link.command.1.tlog
C:\Projects\SVN Repository\ImageViewer\ImageViewer.dir\Debug\link.read.1.tlog
C:\Projects\SVN Repository\ImageViewer\ImageViewer.dir\Debug\link.write.1.tlog
C:\Projects\SVN Repository\ImageViewer\ImageViewer.dir\Debug\link-cvtres.read.1.tlog
C:\Projects\SVN Repository\ImageViewer\ImageViewer.dir\Debug\link-cvtres.write.1.tlog
C:\Projects\SVN Repository\ImageViewer\ImageViewer.dir\Debug\mt.command.1.tlog
C:\Projects\SVN Repository\ImageViewer\ImageViewer.dir\Debug\mt.read.1.tlog
C:\Projects\SVN Repository\ImageViewer\ImageViewer.dir\Debug\mt.write.1.tlog
C:\Projects\SVN Repository\ImageViewer\ImageViewer.dir\Debug\rc.command.1.tlog
C:\Projects\SVN Repository\ImageViewer\ImageViewer.dir\Debug\rc.read.1.tlog
C:\Projects\SVN Repository\ImageViewer\ImageViewer.dir\Debug\rc.write.1.tlog
C:\Projects\SVN Repository\ImageViewer\ImageViewer.dir\Debug\ResolveAssemblyReference.cache
C:\PROJECTS\SVN REPOSITORY\IMAGEVIEWER\IMAGEVIEWER.DIR\DEBUG\STDAFX.OBJ
C:\PROJECTS\SVN REPOSITORY\IMAGEVIEWER\IMAGEVIEWER.DIR\DEBUG\VIDEOPLAYER.OBJ
