Build started 4/24/2013 2:53:00 PM.
     1>Project "C:\Projects\SVN Repository\ImageViewer\ImageViewer.vcxproj" on node 2 (build target(s)).
     1>InitializeBuildStatus:
         Creating "ImageViewer.dir\Debug\ImageViewer.unsuccessfulbuild" because "AlwaysCreate" was specified.
       GenerateTargetFrameworkMonikerAttribute:
       Skipping target "GenerateTargetFrameworkMonikerAttribute" because all output files are up-to-date with respect to the input files.
       ClCompile:
         C:\Program Files (x86)\Microsoft Visual Studio 10.0\VC\bin\CL.exe /c /I"C:/Graphics Libraries/Source/InsightToolkit-3.20.0/Utilities/gdcm/src" /I"C:/Graphics Libraries/Binaries/InsightToolkit-3.20.0/Utilities/gdcm" /I"C:/Graphics Libraries/Binaries/InsightToolkit-3.20.0/Utilities/vxl/core" /I"C:/Graphics Libraries/Binaries/InsightToolkit-3.20.0/Utilities/vxl/vcl" /I"C:/Graphics Libraries/Binaries/InsightToolkit-3.20.0/Utilities/vxl/v3p/netlib" /I"C:/Graphics Libraries/Source/InsightToolkit-3.20.0/Utilities/vxl/core" /I"C:/Graphics Libraries/Source/InsightToolkit-3.20.0/Utilities/vxl/vcl" /I"C:/Graphics Libraries/Source/InsightToolkit-3.20.0/Utilities/vxl/v3p/netlib" /I"C:/Graphics Libraries/Source/InsightToolkit-3.20.0/Code/Numerics/Statistics" /I"C:/Graphics Libraries/Source/InsightToolkit-3.20.0/Utilities" /I"C:/Graphics Libraries/Binaries/InsightToolkit-3.20.0/Utilities" /I"C:/Graphics Libraries/Source/InsightToolkit-3.20.0/Utilities/itkExtHdrs" /I"C:/Graphics Libraries/Source/InsightToolkit-3.20.0/Utilities/nifti/znzlib" /I"C:/Graphics Libraries/Source/InsightToolkit-3.20.0/Utilities/nifti/niftilib" /I"C:/Graphics Libraries/Source/InsightToolkit-3.20.0/Utilities/expat" /I"C:/Graphics Libraries/Binaries/InsightToolkit-3.20.0/Utilities/expat" /I"C:/Graphics Libraries/Binaries/InsightToolkit-3.20.0/Utilities/DICOMParser" /I"C:/Graphics Libraries/Source/InsightToolkit-3.20.0/Utilities/DICOMParser" /I"C:/Graphics Libraries/Binaries/InsightToolkit-3.20.0/Utilities/NrrdIO" /I"C:/Graphics Libraries/Source/InsightToolkit-3.20.0/Utilities/NrrdIO" /I"C:/Graphics Libraries/Source/InsightToolkit-3.20.0/Utilities/MetaIO" /I"C:/Graphics Libraries/Source/InsightToolkit-3.20.0/Code/SpatialObject" /I"C:/Graphics Libraries/Source/InsightToolkit-3.20.0/Code/Numerics/NeuralNetworks" /I"C:/Graphics Libraries/Source/InsightToolkit-3.20.0/Code/Numerics/FEM" /I"C:/Graphics Libraries/Source/InsightToolkit-3.20.0/Code/IO" /I"C:/Graphics Libraries/Source/InsightToolkit-3.20.0/Code/Numerics" /I"C:/Graphics Libraries/Source/InsightToolkit-3.20.0/Code/Common" /I"C:/Graphics Libraries/Source/InsightToolkit-3.20.0/Code/BasicFilters" /I"C:/Graphics Libraries/Source/InsightToolkit-3.20.0/Code/Algorithms" /I"C:/Graphics Libraries/Binaries/InsightToolkit-3.20.0" /I"C:/Graphics Libraries/Binaries/vtk" /I"C:/Graphics Libraries/Binaries/vtk/Common" /I"C:/Graphics Libraries/Binaries/vtk/Utilities" /I"C:/Graphics Libraries/Binaries/vtk/VolumeRendering" /I"C:/Graphics Libraries/Binaries/vtk/Rendering" /I"C:/Graphics Libraries/Binaries/vtk/Charts" /I"C:/Graphics Libraries/Binaries/vtk/Chemistry" /I"C:/Graphics Libraries/Binaries/vtk/Utilities/vtkalglib" /I"C:/Graphics Libraries/Source/vtk/Infovis" /I"C:/Graphics Libraries/Source/vtk/Geovis" /I"C:/Graphics Libraries/Source/vtk/Views" /I"C:/Graphics Libraries/Source/vtk/VolumeRendering" /I"C:/Graphics Libraries/Source/vtk/Hybrid" /I"C:/Graphics Libraries/Source/vtk/Widgets" /I"C:/Graphics Libraries/Source/vtk/Rendering" /I"C:/Graphics Libraries/Source/vtk/Charts" /I"C:/Graphics Libraries/Source/vtk/Chemistry" /I"C:/Graphics Libraries/Source/vtk/Rendering/Testing/Cxx" /I"C:/Graphics Libraries/Source/vtk/IO" /I"C:/Graphics Libraries/Source/vtk/Imaging" /I"C:/Graphics Libraries/Source/vtk/Graphics" /I"C:/Graphics Libraries/Source/vtk/GenericFiltering" /I"C:/Graphics Libraries/Source/vtk/Filtering" /I"C:/Graphics Libraries/Source/vtk/Common" /I"C:/Graphics Libraries/Source/vtk/Utilities" /I"C:/Graphics Libraries/Source/vtk/Common/Testing/Cxx" /I"C:/Graphics Libraries/Binaries/vtk/Utilities/vtknetcdf/include" /I"C:/Graphics Libraries/Source/vtk/Utilities/vtknetcdf/include" /I"C:/Graphics Libraries/Binaries/vtk/Utilities/vtklibproj4" /I"C:/Graphics Libraries/Source/vtk/Utilities/vtklibproj4" /I"C:/Graphics Libraries/Binaries/vtk/Utilities/DICOMParser" /I"C:/Graphics Libraries/Source/vtk/Utilities/DICOMParser" /I"C:/Graphics Libraries/Binaries/vtk/Utilities/vtkfreetype/include" /I"C:/Graphics Libraries/Source/vtk/Utilities/vtkfreetype/include" /I"C:/Graphics Libraries/Binaries/vtk/Utilities/LSDyna" /I"C:/Graphics Libraries/Source/vtk/Utilities/LSDyna" /I"C:/Graphics Libraries/Binaries/vtk/Utilities/MaterialLibrary" /I"C:/Graphics Libraries/Source/vtk/Utilities/MaterialLibrary" /I"C:/Graphics Libraries/Binaries/vtk/Utilities/vtkmetaio" /I"C:/Graphics Libraries/Source/vtk/Utilities/vtkmetaio" /I"C:/Graphics Libraries/Binaries/vtk/Utilities/verdict" /I"C:/Graphics Libraries/Source/vtk/Utilities/verdict" /I"C:/Graphics Libraries/Binaries/vtk/Utilities/vtkhdf5" /I"C:/Graphics Libraries/Source/vtk/Utilities/vtkhdf5" /I"C:/Graphics Libraries/Binaries/vtk/Utilities/vtkhdf5/src" /I"C:/Graphics Libraries/Source/vtk/Utilities/vtkhdf5/src" /I"C:/Graphics Libraries/Binaries/vtk/Utilities/vtkhdf5/hl/src" /I"C:/Graphics Libraries/Source/vtk/Utilities/vtkhdf5/hl/src" /I"C:/Graphics Libraries/Source/vtk/Utilities/utf8/source" /I"C:/Graphics Libraries/Source/vtk/Utilities/vtkalglib" /I"C:/Graphics Libraries/Binaries/fltk-1.1" /I"C:/Graphics Libraries/Source/InsightApplications-3.20.0/Auxiliary/FltkImageViewer" /I"C:/Graphics Libraries/Binaries/Using vtk 5.9.0/InsightApplications-3.20.0/ImageViewer" /AI"C:\Program Files (x86)\Reference Assemblies\Microsoft\Framework\.NETFramework\v4.0" /Zi /clr /nologo /W3 /WX- /Od /Ob0 /Oy- /D WIN32 /D _WINDOWS /D NOMINMAX /D _DEBUG /D _CRT_FAR_MAPPINGS_NO_DEPRECATE /D _CRT_IS_WCTYPE_NO_DEPRECATE /D _CRT_MANAGED_FP_NO_DEPRECATE /D _CRT_NONSTDC_NO_DEPRECATE /D _CRT_SECURE_NO_DEPRECATE /D _CRT_SECURE_NO_DEPRECATE_GLOBALS /D _CRT_SETERRORMODE_BEEP_SLEEP_NO_DEPRECATE /D _CRT_TIME_FUNCTIONS_NO_DEPRECATE /D _CRT_VCCLRIT_NO_DEPRECATE /D _SCL_SECURE_NO_DEPRECATE /D WIN32 /D "CMAKE_INTDIR=\"Debug\"" /D _MBCS /EHa /MDd /GS /fp:precise /Zc:wchar_t /Zc:forScope /GR /Fo"ImageViewer.dir\Debug\\" /Fd"C:/Graphics Libraries/Binaries/Using vtk 5.9.0/InsightApplications-3.20.0/ImageViewer/Debug/ImageViewer.pdb" /TP /FU"C:\Projects\SVN Repository\CalculationsPackage\CalculationsPackage\bin\x86\Debug\CalculationsPackage.dll" /FU"C:\Program Files (x86)\Reference Assemblies\Microsoft\Framework\.NETFramework\v4.0\System.Core.dll" /analyze- /errorReport:prompt ImageSlicing.cxx /clr:nostdlib  /Zm1000 
         ImageSlicing.cxx
     1>C:\Program Files (x86)\Microsoft Visual Studio 10.0\VC\include\cstdio(48): warning C4995: 'gets': name was marked as #pragma deprecated
     1>C:\Program Files (x86)\Microsoft Visual Studio 10.0\VC\include\cstdio(52): warning C4995: 'sprintf': name was marked as #pragma deprecated
     1>C:\Program Files (x86)\Microsoft Visual Studio 10.0\VC\include\cstdio(55): warning C4995: 'vsprintf': name was marked as #pragma deprecated
     1>C:\Program Files (x86)\Microsoft Visual Studio 10.0\VC\include\cstring(21): warning C4995: 'strcat': name was marked as #pragma deprecated
     1>C:\Program Files (x86)\Microsoft Visual Studio 10.0\VC\include\cstring(22): warning C4995: 'strcpy': name was marked as #pragma deprecated
     1>C:\Program Files (x86)\Microsoft Visual Studio 10.0\VC\include\cwchar(30): warning C4995: 'swprintf': name was marked as #pragma deprecated
     1>C:\Program Files (x86)\Microsoft Visual Studio 10.0\VC\include\cwchar(31): warning C4995: 'vswprintf': name was marked as #pragma deprecated
     1>C:\Program Files (x86)\Microsoft Visual Studio 10.0\VC\include\cwchar(33): warning C4995: 'wcscat': name was marked as #pragma deprecated
     1>C:\Program Files (x86)\Microsoft Visual Studio 10.0\VC\include\cwchar(35): warning C4995: 'wcscpy': name was marked as #pragma deprecated
     1>C:\Program Files (x86)\Microsoft Visual Studio 10.0\VC\include\intrin.h(1087): warning C4995: 'wcscat': name was marked as #pragma deprecated
     1>C:\Program Files (x86)\Microsoft Visual Studio 10.0\VC\include\intrin.h(1089): warning C4995: 'wcscpy': name was marked as #pragma deprecated
     1>C:\Program Files (x86)\Microsoft Visual Studio 10.0\VC\include\string(757): warning C4995: 'swprintf': name was marked as #pragma deprecated
     1>C:\Program Files (x86)\Microsoft Visual Studio 10.0\VC\include\string(766): warning C4995: 'swprintf': name was marked as #pragma deprecated
     1>C:\Program Files (x86)\Microsoft Visual Studio 10.0\VC\include\string(775): warning C4995: 'swprintf': name was marked as #pragma deprecated
     1>ImageSlicing.cxx(146): warning C4482: nonstandard extension used: enum 'Cardiac_Windows' used in qualified name
     1>ImageSlicing.cxx(476): warning C4482: nonstandard extension used: enum 'Cardiac_Windows' used in qualified name
     1>ImageSlicing.cxx(489): warning C4482: nonstandard extension used: enum 'Cardiac_Windows' used in qualified name
     1>ImageSlicing.cxx(494): warning C4482: nonstandard extension used: enum 'Cardiac_Windows' used in qualified name
     1>ImageSlicing.cxx(504): warning C4482: nonstandard extension used: enum 'Cardiac_Windows' used in qualified name
     1>ImageSlicing.cxx(513): warning C4482: nonstandard extension used: enum 'Cardiac_Windows' used in qualified name
     1>ImageSlicing.cxx(518): warning C4482: nonstandard extension used: enum 'Cardiac_Windows' used in qualified name
     1>ImageSlicing.cxx(741): warning C4482: nonstandard extension used: enum 'Cardiac_Windows' used in qualified name
     1>ImageSlicing.cxx(745): warning C4482: nonstandard extension used: enum 'Cardiac_Windows' used in qualified name
     1>ImageSlicing.cxx(749): warning C4482: nonstandard extension used: enum 'Cardiac_Windows' used in qualified name
     1>ImageSlicing.cxx(753): warning C4482: nonstandard extension used: enum 'Cardiac_Windows' used in qualified name
     1>ImageSlicing.cxx(757): warning C4482: nonstandard extension used: enum 'Cardiac_Windows' used in qualified name
     1>ImageSlicing.cxx(774): warning C4482: nonstandard extension used: enum 'Cardiac_Windows' used in qualified name
     1>ImageSlicing.cxx(780): warning C4482: nonstandard extension used: enum 'Cardiac_Windows' used in qualified name
     1>ImageSlicing.cxx(786): warning C4482: nonstandard extension used: enum 'Cardiac_Windows' used in qualified name
     1>ImageSlicing.cxx(792): warning C4482: nonstandard extension used: enum 'Cardiac_Windows' used in qualified name
     1>ImageSlicing.cxx(798): warning C4482: nonstandard extension used: enum 'Cardiac_Windows' used in qualified name
     1>ImageSlicing.cxx(813): warning C4482: nonstandard extension used: enum 'Cardiac_Windows' used in qualified name
     1>ImageSlicing.cxx(966): warning C4482: nonstandard extension used: enum 'Cardiac_Windows' used in qualified name
     1>ImageSlicing.cxx(970): warning C4482: nonstandard extension used: enum 'Cardiac_Windows' used in qualified name
     1>ImageSlicing.cxx(974): warning C4482: nonstandard extension used: enum 'Cardiac_Windows' used in qualified name
     1>ImageSlicing.cxx(978): warning C4482: nonstandard extension used: enum 'Cardiac_Windows' used in qualified name
     1>ImageSlicing.cxx(982): warning C4482: nonstandard extension used: enum 'Cardiac_Windows' used in qualified name
     1>ImageSlicing.cxx(1025): warning C4482: nonstandard extension used: enum 'Cardiac_Windows' used in qualified name
     1>ImageSlicing.cxx(1029): warning C4482: nonstandard extension used: enum 'Cardiac_Windows' used in qualified name
     1>ImageSlicing.cxx(1033): warning C4482: nonstandard extension used: enum 'Cardiac_Windows' used in qualified name
     1>ImageSlicing.cxx(1037): warning C4482: nonstandard extension used: enum 'Cardiac_Windows' used in qualified name
     1>ImageSlicing.cxx(1041): warning C4482: nonstandard extension used: enum 'Cardiac_Windows' used in qualified name
     1>ImageSlicing.cxx(1084): warning C4482: nonstandard extension used: enum 'Cardiac_Windows' used in qualified name
     1>ImageSlicing.cxx(1088): warning C4482: nonstandard extension used: enum 'Cardiac_Windows' used in qualified name
     1>ImageSlicing.cxx(1092): warning C4482: nonstandard extension used: enum 'Cardiac_Windows' used in qualified name
     1>ImageSlicing.cxx(1096): warning C4482: nonstandard extension used: enum 'Cardiac_Windows' used in qualified name
     1>ImageSlicing.cxx(1100): warning C4482: nonstandard extension used: enum 'Cardiac_Windows' used in qualified name
     1>ImageSlicing.cxx(1207): warning C4482: nonstandard extension used: enum 'Cardiac_Windows' used in qualified name
     1>ImageSlicing.cxx(1211): warning C4482: nonstandard extension used: enum 'Cardiac_Windows' used in qualified name
     1>ImageSlicing.cxx(1215): warning C4482: nonstandard extension used: enum 'Cardiac_Windows' used in qualified name
     1>ImageSlicing.cxx(1219): warning C4482: nonstandard extension used: enum 'Cardiac_Windows' used in qualified name
     1>ImageSlicing.cxx(1223): warning C4482: nonstandard extension used: enum 'Cardiac_Windows' used in qualified name
     1>ImageSlicing.cxx(1227): warning C4482: nonstandard extension used: enum 'Cardiac_Windows' used in qualified name
     1>ImageSlicing.cxx(1285): warning C4482: nonstandard extension used: enum 'Cardiac_Windows' used in qualified name
     1>ImageSlicing.cxx(1293): warning C4482: nonstandard extension used: enum 'Cardiac_Windows' used in qualified name
     1>ImageSlicing.cxx(1301): warning C4482: nonstandard extension used: enum 'Cardiac_Windows' used in qualified name
     1>ImageSlicing.cxx(1309): warning C4482: nonstandard extension used: enum 'Cardiac_Windows' used in qualified name
     1>ImageSlicing.cxx(1317): warning C4482: nonstandard extension used: enum 'Cardiac_Windows' used in qualified name
     1>c:\graphics libraries\source\insighttoolkit-3.20.0\code\common\itkmathdetail.h(184): warning C4793: 'itk::Math::Detail::RoundHalfIntegerToEven_32' : function compiled as native :
         	Inline native assembly not supported in managed code
     1>c:\graphics libraries\source\insighttoolkit-3.20.0\code\common\itkmathdetail.h(291): warning C4793: 'itk::Math::Detail::RoundHalfIntegerToEven_64' : function compiled as native :
         	Inline native assembly not supported in managed code
         All outputs are up-to-date.
       Link:
         C:\Program Files (x86)\Microsoft Visual Studio 10.0\VC\bin\link.exe /ERRORREPORT:PROMPT /OUT:"C:\Projects\SVN Repository\Debug\ImageViewer.exe" /INCREMENTAL /NOLOGO /LIBPATH:"C:/Graphics Libraries/Binaries/vtk/bin/Debug" /LIBPATH:"C:/Graphics Libraries/Binaries/InsightToolkit-3.20.0/bin" /LIBPATH:"C:/Graphics Libraries/Binaries/InsightToolkit-3.20.0/bin/Debug" /LIBPATH:"C:/Graphics Libraries/Binaries/fltk-1.1/bin" /LIBPATH:"C:/Graphics Libraries/Binaries/fltk-1.1/bin/Debug" kernel32.lib user32.lib gdi32.lib winspool.lib shell32.lib ole32.lib oleaut32.lib uuid.lib comdlg32.lib advapi32.lib ITKAlgorithms.lib ITKCommon.lib ITKBasicFilters.lib ITKIO.lib ITKNrrdIO.lib itkgdcm.lib itkjpeg12.lib itkjpeg16.lib itkopenjpeg.lib snmpapi.lib rpcrt4.lib itkpng.lib itktiff.lib itkjpeg8.lib ITKSpatialObject.lib ITKMetaIO.lib ITKDICOMParser.lib ITKEXPAT.lib ITKniftiio.lib ITKznz.lib itkzlib.lib ITKStatistics.lib itkNetlibSlatec.lib ITKNumerics.lib itkvnl_inst.lib itkvnl_algo.lib itkv3p_netlib.lib itkvnl.lib itkvcl.lib itkv3p_lsqr.lib itksys.lib ws2_32.lib fltk_images.lib fltk_gl.lib fltk_forms.lib fltk.lib wsock32.lib comctl32.lib fltk_jpeg.lib fltk_png.lib fltk_zlib.lib glu32.lib opengl32.lib "C:\Graphics Libraries\Binaries\vtk\bin\Debug\vtkRendering.lib" "C:\Graphics Libraries\Binaries\vtk\bin\Debug\vtkCommon.lib" "C:\Graphics Libraries\Binaries\vtk\bin\Debug\vtkGraphics.lib" "C:\Graphics Libraries\Binaries\vtk\bin\Debug\vtkverdict.lib" "C:\Graphics Libraries\Binaries\vtk\bin\Debug\vtkImaging.lib" "C:\Graphics Libraries\Binaries\vtk\bin\Debug\vtkIO.lib" "C:\Graphics Libraries\Binaries\vtk\bin\Debug\vtkFiltering.lib" "C:\Graphics Libraries\Binaries\vtk\bin\Debug\vtkDICOMParser.lib" "C:\Graphics Libraries\Binaries\vtk\bin\Debug\vtkNetCDF_cxx.lib" "C:\Graphics Libraries\Binaries\vtk\bin\Debug\vtkNetCDF.lib" "C:\Graphics Libraries\Binaries\vtk\bin\Debug\vtkmetaio.lib" "C:\Graphics Libraries\Binaries\vtk\bin\Debug\vtksys.lib" "C:\Graphics Libraries\Binaries\vtk\bin\Debug\vtksqlite.lib" "C:\Graphics Libraries\Binaries\vtk\bin\Debug\vtkpng.lib" "C:\Graphics Libraries\Binaries\vtk\bin\Debug\vtktiff.lib" "C:\Graphics Libraries\Binaries\vtk\bin\Debug\vtkzlib.lib" "C:\Graphics Libraries\Binaries\vtk\bin\Debug\vtkjpeg.lib" "C:\Graphics Libraries\Binaries\vtk\bin\Debug\vtkexpat.lib" "C:\Graphics Libraries\Binaries\vtk\bin\Debug\vtkftgl.lib" "C:\Graphics Libraries\Binaries\vtk\bin\Debug\vtkfreetype.lib" "C:\Graphics Libraries\Binaries\vtk\bin\Debug\vtkwidgets.lib" ATC3DG.lib /MANIFEST /ManifestFile:"ImageViewer.dir\Debug\ImageViewer.exe.intermediate.manifest" /MANIFESTUAC:"level='asInvoker' uiAccess='false'" /DEBUG /PDB:"C:\Projects\SVN Repository\Debug\ImageViewer.pdb" /SUBSYSTEM:CONSOLE /STACK:"10000000" /TLBID:1 /DYNAMICBASE /FIXED:NO /NXCOMPAT /IMPLIB:"C:/Graphics Libraries/Binaries/Using vtk 5.9.0/InsightApplications-3.20.0/ImageViewer/Debug/ImageViewer.lib" /MACHINE:X86 ImageViewer.dir\Debug\StdAfx.obj
         ImageViewer.dir\Debug\ImageSlicing.obj
         ImageViewer.dir\Debug\ImageViewer.obj
         ImageViewer.dir\Debug\VideoPlayer.obj
         "ImageViewer.dir\Debug\.NETFramework,Version=v4.0.AssemblyAttributes.obj"  /machine:X86 /debug 
     1>ImageSlicing.obj : warning LNK4248: unresolved typeref token (0100001A) for 'vtkAlgorithmOutput'; image may not run
         ImageViewer.vcxproj -> C:\Projects\SVN Repository\Debug\ImageViewer.exe
       Manifest:
         C:\Program Files (x86)\Microsoft SDKs\Windows\v7.0A\bin\mt.exe /nologo /verbose /outputresource:"C:\Projects\SVN Repository\Debug\ImageViewer.exe;#1" /manifest ImageViewer.dir\Debug\ImageViewer.exe.intermediate.manifest
       FinalizeBuildStatus:
         Deleting file "ImageViewer.dir\Debug\ImageViewer.unsuccessfulbuild".
         Touching "ImageViewer.dir\Debug\ImageViewer.lastbuildstate".
     1>Done Building Project "C:\Projects\SVN Repository\ImageViewer\ImageViewer.vcxproj" (build target(s)).

Build succeeded.

Time Elapsed 00:01:02.82
