Build started 4/16/2013 7:14:38 PM.
     1>Project "C:\Projects\SVN Repository\ImageViewer\ImageViewer.vcxproj" on node 2 (rebuild target(s)).
     1>_PrepareForClean:
         Deleting file "x64\Debug\ImageViewer.lastbuildstate".
       InitializeBuildStatus:
         Touching "x64\Debug\ImageViewer.unsuccessfulbuild".
       ClCompile:
         C:\Program Files (x86)\Microsoft Visual Studio 10.0\VC\bin\x86_amd64\CL.exe /c /I"C:/Graphics Libraries/Source/InsightToolkit-3.20.0/Utilities/gdcm/src" /I"C:/Graphics Libraries/Binaries/InsightToolkit-3.20.0/Utilities/gdcm" /I"C:/Graphics Libraries/Binaries/InsightToolkit-3.20.0/Utilities/vxl/core" /I"C:/Graphics Libraries/Binaries/InsightToolkit-3.20.0/Utilities/vxl/vcl" /I"C:/Graphics Libraries/Binaries/InsightToolkit-3.20.0/Utilities/vxl/v3p/netlib" /I"C:/Graphics Libraries/Source/InsightToolkit-3.20.0/Utilities/vxl/core" /I"C:/Graphics Libraries/Source/InsightToolkit-3.20.0/Utilities/vxl/vcl" /I"C:/Graphics Libraries/Source/InsightToolkit-3.20.0/Utilities/vxl/v3p/netlib" /I"C:/Graphics Libraries/Source/InsightToolkit-3.20.0/Code/Numerics/Statistics" /I"C:/Graphics Libraries/Source/InsightToolkit-3.20.0/Utilities" /I"C:/Graphics Libraries/Binaries/InsightToolkit-3.20.0/Utilities" /I"C:/Graphics Libraries/Source/InsightToolkit-3.20.0/Utilities/itkExtHdrs" /I"C:/Graphics Libraries/Source/InsightToolkit-3.20.0/Utilities/nifti/znzlib" /I"C:/Graphics Libraries/Source/InsightToolkit-3.20.0/Utilities/nifti/niftilib" /I"C:/Graphics Libraries/Source/InsightToolkit-3.20.0/Utilities/expat" /I"C:/Graphics Libraries/Binaries/InsightToolkit-3.20.0/Utilities/expat" /I"C:/Graphics Libraries/Binaries/InsightToolkit-3.20.0/Utilities/DICOMParser" /I"C:/Graphics Libraries/Source/InsightToolkit-3.20.0/Utilities/DICOMParser" /I"C:/Graphics Libraries/Binaries/InsightToolkit-3.20.0/Utilities/NrrdIO" /I"C:/Graphics Libraries/Source/InsightToolkit-3.20.0/Utilities/NrrdIO" /I"C:/Graphics Libraries/Source/InsightToolkit-3.20.0/Utilities/MetaIO" /I"C:/Graphics Libraries/Source/InsightToolkit-3.20.0/Code/SpatialObject" /I"C:/Graphics Libraries/Source/InsightToolkit-3.20.0/Code/Numerics/NeuralNetworks" /I"C:/Graphics Libraries/Source/InsightToolkit-3.20.0/Code/Numerics/FEM" /I"C:/Graphics Libraries/Source/InsightToolkit-3.20.0/Code/IO" /I"C:/Graphics Libraries/Source/InsightToolkit-3.20.0/Code/Numerics" /I"C:/Graphics Libraries/Source/InsightToolkit-3.20.0/Code/Common" /I"C:/Graphics Libraries/Source/InsightToolkit-3.20.0/Code/BasicFilters" /I"C:/Graphics Libraries/Source/InsightToolkit-3.20.0/Code/Algorithms" /I"C:/Graphics Libraries/Binaries/InsightToolkit-3.20.0" /I"C:/Graphics Libraries/Binaries/vtk" /I"C:/Graphics Libraries/Binaries/vtk/Common" /I"C:/Graphics Libraries/Binaries/vtk/Utilities" /I"C:/Graphics Libraries/Binaries/vtk/VolumeRendering" /I"C:/Graphics Libraries/Binaries/vtk/Rendering" /I"C:/Graphics Libraries/Binaries/vtk/Charts" /I"C:/Graphics Libraries/Binaries/vtk/Chemistry" /I"C:/Graphics Libraries/Binaries/vtk/Utilities/vtkalglib" /I"C:/Graphics Libraries/Source/vtk/Infovis" /I"C:/Graphics Libraries/Source/vtk/Geovis" /I"C:/Graphics Libraries/Source/vtk/Views" /I"C:/Graphics Libraries/Source/vtk/VolumeRendering" /I"C:/Graphics Libraries/Source/vtk/Hybrid" /I"C:/Graphics Libraries/Source/vtk/Widgets" /I"C:/Graphics Libraries/Source/vtk/Rendering" /I"C:/Graphics Libraries/Source/vtk/Charts" /I"C:/Graphics Libraries/Source/vtk/Chemistry" /I"C:/Graphics Libraries/Source/vtk/Rendering/Testing/Cxx" /I"C:/Graphics Libraries/Source/vtk/IO" /I"C:/Graphics Libraries/Source/vtk/Imaging" /I"C:/Graphics Libraries/Source/vtk/Graphics" /I"C:/Graphics Libraries/Source/vtk/GenericFiltering" /I"C:/Graphics Libraries/Source/vtk/Filtering" /I"C:/Graphics Libraries/Source/vtk/Common" /I"C:/Graphics Libraries/Source/vtk/Utilities" /I"C:/Graphics Libraries/Source/vtk/Common/Testing/Cxx" /I"C:/Graphics Libraries/Binaries/vtk/Utilities/vtknetcdf/include" /I"C:/Graphics Libraries/Source/vtk/Utilities/vtknetcdf/include" /I"C:/Graphics Libraries/Binaries/vtk/Utilities/vtklibproj4" /I"C:/Graphics Libraries/Source/vtk/Utilities/vtklibproj4" /I"C:/Graphics Libraries/Binaries/vtk/Utilities/DICOMParser" /I"C:/Graphics Libraries/Source/vtk/Utilities/DICOMParser" /I"C:/Graphics Libraries/Binaries/vtk/Utilities/vtkfreetype/include" /I"C:/Graphics Libraries/Source/vtk/Utilities/vtkfreetype/include" /I"C:/Graphics Libraries/Binaries/vtk/Utilities/LSDyna" /I"C:/Graphics Libraries/Source/vtk/Utilities/LSDyna" /I"C:/Graphics Libraries/Binaries/vtk/Utilities/MaterialLibrary" /I"C:/Graphics Libraries/Source/vtk/Utilities/MaterialLibrary" /I"C:/Graphics Libraries/Binaries/vtk/Utilities/vtkmetaio" /I"C:/Graphics Libraries/Source/vtk/Utilities/vtkmetaio" /I"C:/Graphics Libraries/Binaries/vtk/Utilities/verdict" /I"C:/Graphics Libraries/Source/vtk/Utilities/verdict" /I"C:/Graphics Libraries/Binaries/vtk/Utilities/vtkhdf5" /I"C:/Graphics Libraries/Source/vtk/Utilities/vtkhdf5" /I"C:/Graphics Libraries/Binaries/vtk/Utilities/vtkhdf5/src" /I"C:/Graphics Libraries/Source/vtk/Utilities/vtkhdf5/src" /I"C:/Graphics Libraries/Binaries/vtk/Utilities/vtkhdf5/hl/src" /I"C:/Graphics Libraries/Source/vtk/Utilities/vtkhdf5/hl/src" /I"C:/Graphics Libraries/Source/vtk/Utilities/utf8/source" /I"C:/Graphics Libraries/Source/vtk/Utilities/vtkalglib" /I"C:/Graphics Libraries/Binaries/fltk-1.1" /I"C:/Graphics Libraries/Source/InsightApplications-3.20.0/Auxiliary/FltkImageViewer" /I"C:/Graphics Libraries/Binaries/Using vtk 5.9.0/InsightApplications-3.20.0/ImageViewer" /Zi /nologo /W1 /WX- /O2 /Gm- /EHsc /MD /GS /fp:precise /Zc:wchar_t /Zc:forScope /Fo"x64\Debug\\" /Fd"x64\Debug\vc100.pdb" /Gd /TP /errorReport:prompt "..\GetSynchronousRecord Sample\StdAfx.cpp" ImageSlicing.cxx ImageViewer.cxx
         StdAfx.cpp
         ImageSlicing.cxx
     1>ImageSlicing.cxx(122): warning C4482: nonstandard extension used: enum 'Cardiac_Windows' used in qualified name
     1>ImageSlicing.cxx(193): warning C4482: nonstandard extension used: enum 'Cardiac_Windows' used in qualified name
     1>ImageSlicing.cxx(206): warning C4482: nonstandard extension used: enum 'Cardiac_Windows' used in qualified name
     1>ImageSlicing.cxx(211): warning C4482: nonstandard extension used: enum 'Cardiac_Windows' used in qualified name
     1>ImageSlicing.cxx(221): warning C4482: nonstandard extension used: enum 'Cardiac_Windows' used in qualified name
     1>ImageSlicing.cxx(230): warning C4482: nonstandard extension used: enum 'Cardiac_Windows' used in qualified name
     1>ImageSlicing.cxx(235): warning C4482: nonstandard extension used: enum 'Cardiac_Windows' used in qualified name
     1>ImageSlicing.cxx(258): warning C4482: nonstandard extension used: enum 'Cardiac_Windows' used in qualified name
     1>ImageSlicing.cxx(262): warning C4482: nonstandard extension used: enum 'Cardiac_Windows' used in qualified name
     1>ImageSlicing.cxx(266): warning C4482: nonstandard extension used: enum 'Cardiac_Windows' used in qualified name
     1>ImageSlicing.cxx(270): warning C4482: nonstandard extension used: enum 'Cardiac_Windows' used in qualified name
     1>ImageSlicing.cxx(274): warning C4482: nonstandard extension used: enum 'Cardiac_Windows' used in qualified name
     1>ImageSlicing.cxx(291): warning C4482: nonstandard extension used: enum 'Cardiac_Windows' used in qualified name
     1>ImageSlicing.cxx(297): warning C4482: nonstandard extension used: enum 'Cardiac_Windows' used in qualified name
     1>ImageSlicing.cxx(303): warning C4482: nonstandard extension used: enum 'Cardiac_Windows' used in qualified name
     1>ImageSlicing.cxx(309): warning C4482: nonstandard extension used: enum 'Cardiac_Windows' used in qualified name
     1>ImageSlicing.cxx(315): warning C4482: nonstandard extension used: enum 'Cardiac_Windows' used in qualified name
     1>ImageSlicing.cxx(330): warning C4482: nonstandard extension used: enum 'Cardiac_Windows' used in qualified name
     1>ImageSlicing.cxx(387): warning C4482: nonstandard extension used: enum 'Cardiac_Windows' used in qualified name
     1>ImageSlicing.cxx(391): warning C4482: nonstandard extension used: enum 'Cardiac_Windows' used in qualified name
     1>ImageSlicing.cxx(395): warning C4482: nonstandard extension used: enum 'Cardiac_Windows' used in qualified name
     1>ImageSlicing.cxx(399): warning C4482: nonstandard extension used: enum 'Cardiac_Windows' used in qualified name
     1>ImageSlicing.cxx(403): warning C4482: nonstandard extension used: enum 'Cardiac_Windows' used in qualified name
     1>ImageSlicing.cxx(464): warning C4482: nonstandard extension used: enum 'Cardiac_Windows' used in qualified name
     1>ImageSlicing.cxx(472): warning C4482: nonstandard extension used: enum 'Cardiac_Windows' used in qualified name
     1>ImageSlicing.cxx(480): warning C4482: nonstandard extension used: enum 'Cardiac_Windows' used in qualified name
     1>ImageSlicing.cxx(488): warning C4482: nonstandard extension used: enum 'Cardiac_Windows' used in qualified name
     1>ImageSlicing.cxx(496): warning C4482: nonstandard extension used: enum 'Cardiac_Windows' used in qualified name
         ImageViewer.cxx
         Generating Code...
       Link:
         C:\Program Files (x86)\Microsoft Visual Studio 10.0\VC\bin\x86_amd64\link.exe /ERRORREPORT:PROMPT /OUT:"C:\Projects\SVN Repository\x64\Debug\ImageViewer.exe" /NOLOGO /LIBPATH:"C:/Graphics Libraries/Binaries/vtk/bin/Debug" /LIBPATH:"C:/Graphics Libraries/Binaries/InsightToolkit-3.20.0/bin" /LIBPATH:"C:/Graphics Libraries/Binaries/InsightToolkit-3.20.0/bin/Debug" /LIBPATH:"C:/Graphics Libraries/Binaries/fltk-1.1/bin" /LIBPATH:"C:/Graphics Libraries/Binaries/fltk-1.1/bin/Debug" kernel32.lib user32.lib gdi32.lib winspool.lib shell32.lib ole32.lib oleaut32.lib uuid.lib comdlg32.lib advapi32.lib ITKAlgorithms.lib ITKCommon.lib ITKBasicFilters.lib ITKIO.lib ITKNrrdIO.lib itkgdcm.lib itkjpeg12.lib itkjpeg16.lib itkopenjpeg.lib snmpapi.lib rpcrt4.lib itkpng.lib itktiff.lib itkjpeg8.lib ITKSpatialObject.lib ITKMetaIO.lib ITKDICOMParser.lib ITKEXPAT.lib ITKniftiio.lib ITKznz.lib itkzlib.lib ITKStatistics.lib itkNetlibSlatec.lib ITKNumerics.lib itkvnl_inst.lib itkvnl_algo.lib itkv3p_netlib.lib itkvnl.lib itkvcl.lib itkv3p_lsqr.lib itksys.lib ws2_32.lib fltk_images.lib fltk_gl.lib fltk_forms.lib fltk.lib wsock32.lib comctl32.lib fltk_jpeg.lib fltk_png.lib fltk_zlib.lib glu32.lib opengl32.lib "C:\Graphics Libraries\Binaries\vtk\bin\Debug\vtkRendering.lib" "C:\Graphics Libraries\Binaries\vtk\bin\Debug\vtkCommon.lib" "C:\Graphics Libraries\Binaries\vtk\bin\Debug\vtkGraphics.lib" "C:\Graphics Libraries\Binaries\vtk\bin\Debug\vtkverdict.lib" "C:\Graphics Libraries\Binaries\vtk\bin\Debug\vtkImaging.lib" "C:\Graphics Libraries\Binaries\vtk\bin\Debug\vtkIO.lib" "C:\Graphics Libraries\Binaries\vtk\bin\Debug\vtkFiltering.lib" "C:\Graphics Libraries\Binaries\vtk\bin\Debug\vtkDICOMParser.lib" "C:\Graphics Libraries\Binaries\vtk\bin\Debug\vtkNetCDF_cxx.lib" "C:\Graphics Libraries\Binaries\vtk\bin\Debug\vtkNetCDF.lib" "C:\Graphics Libraries\Binaries\vtk\bin\Debug\vtkmetaio.lib" "C:\Graphics Libraries\Binaries\vtk\bin\Debug\vtksys.lib" "C:\Graphics Libraries\Binaries\vtk\bin\Debug\vtksqlite.lib" "C:\Graphics Libraries\Binaries\vtk\bin\Debug\vtkpng.lib" "C:\Graphics Libraries\Binaries\vtk\bin\Debug\vtktiff.lib" "C:\Graphics Libraries\Binaries\vtk\bin\Debug\vtkzlib.lib" "C:\Graphics Libraries\Binaries\vtk\bin\Debug\vtkjpeg.lib" "C:\Graphics Libraries\Binaries\vtk\bin\Debug\vtkexpat.lib" "C:\Graphics Libraries\Binaries\vtk\bin\Debug\vtkftgl.lib" "C:\Graphics Libraries\Binaries\vtk\bin\Debug\vtkfreetype.lib" "C:\Graphics Libraries\Binaries\vtk\bin\Debug\vtkwidgets.lib" ATC3DG.lib /MANIFEST /ManifestFile:"x64\Debug\ImageViewer.exe.intermediate.manifest" /MANIFESTUAC:"level='asInvoker' uiAccess='false'" /PDB:"C:\Projects\SVN Repository\x64\Debug\ImageViewer.pdb" /TLBID:1 /DYNAMICBASE /NXCOMPAT /IMPLIB:"C:\Projects\SVN Repository\x64\Debug\ImageViewer.lib" /MACHINE:X64 x64\Debug\StdAfx.obj
         x64\Debug\ImageSlicing.obj
         x64\Debug\ImageViewer.obj
     1>ITKCommon.lib(itkNumericTraits.obj) : fatal error LNK1112: module machine type 'X86' conflicts with target machine type 'x64'
     1>Done Building Project "C:\Projects\SVN Repository\ImageViewer\ImageViewer.vcxproj" (rebuild target(s)) -- FAILED.

Build FAILED.

Time Elapsed 00:00:11.36
