Build started 6/15/2013 6:41:36 PM.
     1>Project "C:\Projects\Backups\VETS 4D\ImageViewer.vcxproj" on node 2 (build target(s)).
     1>InitializeBuildStatus:
         Creating "ImageViewer.dir\Debug\ImageViewer.unsuccessfulbuild" because "AlwaysCreate" was specified.
       GenerateTargetFrameworkMonikerAttribute:
       Skipping target "GenerateTargetFrameworkMonikerAttribute" because all output files are up-to-date with respect to the input files.
       ClCompile:
         C:\Program Files (x86)\Microsoft Visual Studio 10.0\VC\bin\x86_amd64\CL.exe /c /I"C:/Graphics Libraries/Source/InsightToolkit-3.20.0/Utilities/gdcm/src" /I"C:/Graphics Libraries/Binaries/ITK-3.2 x64/Utilities/gdcm" /I"C:/Graphics Libraries/Binaries/ITK-3.2 x64/Utilities/vxl/core" /I"C:/Graphics Libraries/Binaries/ITK-3.2 x64/Utilities/vxl/vcl" /I"C:/Graphics Libraries/Binaries/ITK-3.2 x64/Utilities/vxl/v3p/netlib" /I"C:/Graphics Libraries/Source/InsightToolkit-3.20.0/Utilities/vxl/core" /I"C:/Graphics Libraries/Source/InsightToolkit-3.20.0/Utilities/vxl/vcl" /I"C:/Graphics Libraries/Source/InsightToolkit-3.20.0/Utilities/vxl/v3p/netlib" /I"C:/Graphics Libraries/Source/InsightToolkit-3.20.0/Code/Numerics/Statistics" /I"C:/Graphics Libraries/Source/InsightToolkit-3.20.0/Utilities" /I"C:/Graphics Libraries/Binaries/ITK-3.2 x64/Utilities" /I"C:/Graphics Libraries/Source/InsightToolkit-3.20.0/Utilities/itkExtHdrs" /I"C:/Graphics Libraries/Source/InsightToolkit-3.20.0/Utilities/nifti/znzlib" /I"C:/Graphics Libraries/Source/InsightToolkit-3.20.0/Utilities/nifti/niftilib" /I"C:/Graphics Libraries/Source/InsightToolkit-3.20.0/Utilities/expat" /I"C:/Graphics Libraries/Binaries/ITK-3.2 x64/Utilities/expat" /I"C:/Graphics Libraries/Binaries/ITK-3.2 x64/Utilities/DICOMParser" /I"C:/Graphics Libraries/Source/InsightToolkit-3.20.0/Utilities/DICOMParser" /I"C:/Graphics Libraries/Binaries/ITK-3.2 x64/Utilities/NrrdIO" /I"C:/Graphics Libraries/Source/InsightToolkit-3.20.0/Utilities/NrrdIO" /I"C:/Graphics Libraries/Source/InsightToolkit-3.20.0/Utilities/MetaIO" /I"C:/Graphics Libraries/Source/InsightToolkit-3.20.0/Code/SpatialObject" /I"C:/Graphics Libraries/Source/InsightToolkit-3.20.0/Code/Numerics/NeuralNetworks" /I"C:/Graphics Libraries/Source/InsightToolkit-3.20.0/Code/Numerics/FEM" /I"C:/Graphics Libraries/Source/InsightToolkit-3.20.0/Code/IO" /I"C:/Graphics Libraries/Source/InsightToolkit-3.20.0/Code/Numerics" /I"C:/Graphics Libraries/Source/InsightToolkit-3.20.0/Code/Common" /I"C:/Graphics Libraries/Source/InsightToolkit-3.20.0/Code/BasicFilters" /I"C:/Graphics Libraries/Source/InsightToolkit-3.20.0/Code/Algorithms" /I"C:/Graphics Libraries/Binaries/ITK-3.2 x64" /I"C:/Graphics Libraries/Binaries/VTK5.10.1 x64" /I"C:/Graphics Libraries/Binaries/VTK5.10.1 x64/Common" /I"C:/Graphics Libraries/Binaries/VTK5.10.1 x64/Utilities" /I"C:/Graphics Libraries/Binaries/VTK5.10.1 x64/VolumeRendering" /I"C:/Graphics Libraries/Binaries/VTK5.10.1 x64/Rendering" /I"C:/Graphics Libraries/Binaries/VTK5.10.1 x64/Charts" /I"C:/Graphics Libraries/Binaries/VTK5.10.1 x64/Chemistry" /I"C:/Graphics Libraries/Binaries/VTK5.10.1 x64/Utilities/vtkalglib" /I"C:/Graphics Libraries/Source/VTK5.10.1/Infovis" /I"C:/Graphics Libraries/Source/VTK5.10.1/Geovis" /I"C:/Graphics Libraries/Source/VTK5.10.1/Views" /I"C:/Graphics Libraries/Source/VTK5.10.1/VolumeRendering" /I"C:/Graphics Libraries/Source/VTK5.10.1/Hybrid" /I"C:/Graphics Libraries/Source/VTK5.10.1/Widgets" /I"C:/Graphics Libraries/Source/VTK5.10.1/Rendering" /I"C:/Graphics Libraries/Source/VTK5.10.1/Charts" /I"C:/Graphics Libraries/Source/VTK5.10.1/Chemistry" /I"C:/Graphics Libraries/Source/VTK5.10.1/Rendering/Testing/Cxx" /I"C:/Graphics Libraries/Source/VTK5.10.1/IO" /I"C:/Graphics Libraries/Source/VTK5.10.1/Imaging" /I"C:/Graphics Libraries/Source/VTK5.10.1/Graphics" /I"C:/Graphics Libraries/Source/VTK5.10.1/GenericFiltering" /I"C:/Graphics Libraries/Source/VTK5.10.1/Filtering" /I"C:/Graphics Libraries/Source/VTK5.10.1/Common" /I"C:/Graphics Libraries/Source/VTK5.10.1/Utilities" /I"C:/Graphics Libraries/Source/VTK5.10.1/Common/Testing/Cxx" /I"C:/Graphics Libraries/Binaries/VTK5.10.1 x64/Utilities/vtknetcdf" /I"C:/Graphics Libraries/Source/VTK5.10.1/Utilities/vtknetcdf" /I"C:/Graphics Libraries/Source/VTK5.10.1/Utilities/vtknetcdf/include" /I"C:/Graphics Libraries/Binaries/VTK5.10.1 x64/Utilities/vtklibproj4" /I"C:/Graphics Libraries/Source/VTK5.10.1/Utilities/vtklibproj4" /I"C:/Graphics Libraries/Binaries/VTK5.10.1 x64/Utilities/DICOMParser" /I"C:/Graphics Libraries/Source/VTK5.10.1/Utilities/DICOMParser" /I"C:/Graphics Libraries/Binaries/VTK5.10.1 x64/Utilities/vtkfreetype/include" /I"C:/Graphics Libraries/Source/VTK5.10.1/Utilities/vtkfreetype/include" /I"C:/Graphics Libraries/Binaries/VTK5.10.1 x64/Utilities/LSDyna" /I"C:/Graphics Libraries/Source/VTK5.10.1/Utilities/LSDyna" /I"C:/Graphics Libraries/Binaries/VTK5.10.1 x64/Utilities/MaterialLibrary" /I"C:/Graphics Libraries/Source/VTK5.10.1/Utilities/MaterialLibrary" /I"C:/Graphics Libraries/Binaries/VTK5.10.1 x64/Utilities/vtkmetaio" /I"C:/Graphics Libraries/Source/VTK5.10.1/Utilities/vtkmetaio" /I"C:/Graphics Libraries/Binaries/VTK5.10.1 x64/Utilities/verdict" /I"C:/Graphics Libraries/Source/VTK5.10.1/Utilities/verdict" /I"C:/Graphics Libraries/Binaries/VTK5.10.1 x64/Utilities/vtkhdf5" /I"C:/Graphics Libraries/Source/VTK5.10.1/Utilities/vtkhdf5" /I"C:/Graphics Libraries/Binaries/VTK5.10.1 x64/Utilities/vtkhdf5/src" /I"C:/Graphics Libraries/Source/VTK5.10.1/Utilities/vtkhdf5/src" /I"C:/Graphics Libraries/Binaries/VTK5.10.1 x64/Utilities/vtkhdf5/hl/src" /I"C:/Graphics Libraries/Source/VTK5.10.1/Utilities/vtkhdf5/hl/src" /I"C:/Graphics Libraries/Source/VTK5.10.1/Utilities/utf8/source" /I"C:/Graphics Libraries/Source/VTK5.10.1/Utilities/vtkalglib" /I"C:/Graphics Libraries/Source/InsightApplications-3.20.0/Auxiliary/FltkImageViewer" /I"C:/Graphics Libraries/Binaries/ITKApp 3.2 x64/ImageViewer" /AI"C:\Program Files (x86)\Reference Assemblies\Microsoft\Framework\.NETFramework\v4.0" /Zi /clr /nologo /W3 /WX- /Od /Ob0 /D WIN32 /D _WINDOWS /D NOMINMAX /D _DEBUG /D _CRT_FAR_MAPPINGS_NO_DEPRECATE /D _CRT_IS_WCTYPE_NO_DEPRECATE /D _CRT_MANAGED_FP_NO_DEPRECATE /D _CRT_NONSTDC_NO_DEPRECATE /D _CRT_SECURE_NO_DEPRECATE /D _CRT_SECURE_NO_DEPRECATE_GLOBALS /D _CRT_SETERRORMODE_BEEP_SLEEP_NO_DEPRECATE /D _CRT_TIME_FUNCTIONS_NO_DEPRECATE /D _CRT_VCCLRIT_NO_DEPRECATE /D _SCL_SECURE_NO_DEPRECATE /D WIN32 /D "CMAKE_INTDIR=\"Debug\"" /D _MBCS /EHa /MDd /GS /fp:precise /Zc:wchar_t /Zc:forScope /GR /Fo"ImageViewer.dir\Debug\\" /Fd"C:/Graphics Libraries/Binaries/ITKApp 3.2 x64/ImageViewer/Debug/ImageViewer.pdb" /TP /FU"C:\Projects\Backups\VETS 4D\CalculationsPackage\CalculationsPackage\bin\x64\Debug\CalculationsPackage.dll" /FU"C:\Program Files (x86)\Reference Assemblies\Microsoft\Framework\.NETFramework\v4.0\System.Core.dll" /errorReport:prompt ImageViewer\ImageSlicing.cxx /clr:nostdlib  /Zm1000 
         ImageSlicing.cxx
     1>C:\Program Files (x86)\Microsoft Visual Studio 10.0\VC\include\cstdio(48): warning C4995: 'gets': name was marked as #pragma deprecated
     1>C:\Program Files (x86)\Microsoft Visual Studio 10.0\VC\include\cstdio(52): warning C4995: 'sprintf': name was marked as #pragma deprecated
     1>C:\Program Files (x86)\Microsoft Visual Studio 10.0\VC\include\cstdio(55): warning C4995: 'vsprintf': name was marked as #pragma deprecated
     1>C:\Program Files (x86)\Microsoft Visual Studio 10.0\VC\include\cstring(21): warning C4995: 'strcat': name was marked as #pragma deprecated
     1>C:\Program Files (x86)\Microsoft Visual Studio 10.0\VC\include\cstring(22): warning C4995: 'strcpy': name was marked as #pragma deprecated
     1>C:\Program Files (x86)\Microsoft Visual Studio 10.0\VC\include\cwchar(30): warning C4995: 'swprintf': name was marked as #pragma deprecated
     1>C:\Program Files (x86)\Microsoft Visual Studio 10.0\VC\include\cwchar(31): warning C4995: 'vswprintf': name was marked as #pragma deprecated
     1>C:\Program Files (x86)\Microsoft Visual Studio 10.0\VC\include\cwchar(33): warning C4995: 'wcscat': name was marked as #pragma deprecated
     1>C:\Program Files (x86)\Microsoft Visual Studio 10.0\VC\include\cwchar(35): warning C4995: 'wcscpy': name was marked as #pragma deprecated
     1>C:\Program Files (x86)\Microsoft Visual Studio 10.0\VC\include\intrin.h(1087): warning C4995: 'wcscat': name was marked as #pragma deprecated
     1>C:\Program Files (x86)\Microsoft Visual Studio 10.0\VC\include\intrin.h(1089): warning C4995: 'wcscpy': name was marked as #pragma deprecated
     1>C:\Program Files (x86)\Microsoft Visual Studio 10.0\VC\include\string(757): warning C4995: 'swprintf': name was marked as #pragma deprecated
     1>C:\Program Files (x86)\Microsoft Visual Studio 10.0\VC\include\string(766): warning C4995: 'swprintf': name was marked as #pragma deprecated
     1>C:\Program Files (x86)\Microsoft Visual Studio 10.0\VC\include\string(775): warning C4995: 'swprintf': name was marked as #pragma deprecated
     1>ImageViewer\ImageSlicing.cxx(154): warning C4482: nonstandard extension used: enum 'Cardiac_Windows' used in qualified name
     1>ImageViewer\ImageSlicing.cxx(324): warning C4482: nonstandard extension used: enum 'Cardiac_Windows' used in qualified name
     1>ImageViewer\ImageSlicing.cxx(341): warning C4482: nonstandard extension used: enum 'Cardiac_Windows' used in qualified name
     1>ImageViewer\ImageSlicing.cxx(348): warning C4482: nonstandard extension used: enum 'Cardiac_Windows' used in qualified name
     1>ImageViewer\ImageSlicing.cxx(355): warning C4482: nonstandard extension used: enum 'Cardiac_Windows' used in qualified name
     1>ImageViewer\ImageSlicing.cxx(365): warning C4482: nonstandard extension used: enum 'Cardiac_Windows' used in qualified name
     1>ImageViewer\ImageSlicing.cxx(374): warning C4482: nonstandard extension used: enum 'Cardiac_Windows' used in qualified name
     1>ImageViewer\ImageSlicing.cxx(380): warning C4482: nonstandard extension used: enum 'Cardiac_Windows' used in qualified name
     1>ImageViewer\ImageSlicing.cxx(708): warning C4482: nonstandard extension used: enum 'Cardiac_Windows' used in qualified name
     1>ImageViewer\ImageSlicing.cxx(712): warning C4482: nonstandard extension used: enum 'Cardiac_Windows' used in qualified name
     1>ImageViewer\ImageSlicing.cxx(716): warning C4482: nonstandard extension used: enum 'Cardiac_Windows' used in qualified name
     1>ImageViewer\ImageSlicing.cxx(720): warning C4482: nonstandard extension used: enum 'Cardiac_Windows' used in qualified name
     1>ImageViewer\ImageSlicing.cxx(724): warning C4482: nonstandard extension used: enum 'Cardiac_Windows' used in qualified name
     1>ImageViewer\ImageSlicing.cxx(728): warning C4482: nonstandard extension used: enum 'Cardiac_Windows' used in qualified name
     1>ImageViewer\ImageSlicing.cxx(748): warning C4482: nonstandard extension used: enum 'Cardiac_Windows' used in qualified name
     1>ImageViewer\ImageSlicing.cxx(754): warning C4482: nonstandard extension used: enum 'Cardiac_Windows' used in qualified name
     1>ImageViewer\ImageSlicing.cxx(760): warning C4482: nonstandard extension used: enum 'Cardiac_Windows' used in qualified name
     1>ImageViewer\ImageSlicing.cxx(766): warning C4482: nonstandard extension used: enum 'Cardiac_Windows' used in qualified name
     1>ImageViewer\ImageSlicing.cxx(772): warning C4482: nonstandard extension used: enum 'Cardiac_Windows' used in qualified name
     1>ImageViewer\ImageSlicing.cxx(778): warning C4482: nonstandard extension used: enum 'Cardiac_Windows' used in qualified name
     1>ImageViewer\ImageSlicing.cxx(793): warning C4482: nonstandard extension used: enum 'Cardiac_Windows' used in qualified name
     1>ImageViewer\ImageSlicing.cxx(960): warning C4482: nonstandard extension used: enum 'Cardiac_Windows' used in qualified name
     1>ImageViewer\ImageSlicing.cxx(964): warning C4482: nonstandard extension used: enum 'Cardiac_Windows' used in qualified name
     1>ImageViewer\ImageSlicing.cxx(968): warning C4482: nonstandard extension used: enum 'Cardiac_Windows' used in qualified name
     1>ImageViewer\ImageSlicing.cxx(972): warning C4482: nonstandard extension used: enum 'Cardiac_Windows' used in qualified name
     1>ImageViewer\ImageSlicing.cxx(976): warning C4482: nonstandard extension used: enum 'Cardiac_Windows' used in qualified name
     1>ImageViewer\ImageSlicing.cxx(980): warning C4482: nonstandard extension used: enum 'Cardiac_Windows' used in qualified name
     1>ImageViewer\ImageSlicing.cxx(1021): warning C4482: nonstandard extension used: enum 'Cardiac_Windows' used in qualified name
     1>ImageViewer\ImageSlicing.cxx(1025): warning C4482: nonstandard extension used: enum 'Cardiac_Windows' used in qualified name
     1>ImageViewer\ImageSlicing.cxx(1029): warning C4482: nonstandard extension used: enum 'Cardiac_Windows' used in qualified name
     1>ImageViewer\ImageSlicing.cxx(1033): warning C4482: nonstandard extension used: enum 'Cardiac_Windows' used in qualified name
     1>ImageViewer\ImageSlicing.cxx(1037): warning C4482: nonstandard extension used: enum 'Cardiac_Windows' used in qualified name
     1>ImageViewer\ImageSlicing.cxx(1041): warning C4482: nonstandard extension used: enum 'Cardiac_Windows' used in qualified name
     1>ImageViewer\ImageSlicing.cxx(1082): warning C4482: nonstandard extension used: enum 'Cardiac_Windows' used in qualified name
     1>ImageViewer\ImageSlicing.cxx(1086): warning C4482: nonstandard extension used: enum 'Cardiac_Windows' used in qualified name
     1>ImageViewer\ImageSlicing.cxx(1090): warning C4482: nonstandard extension used: enum 'Cardiac_Windows' used in qualified name
     1>ImageViewer\ImageSlicing.cxx(1094): warning C4482: nonstandard extension used: enum 'Cardiac_Windows' used in qualified name
     1>ImageViewer\ImageSlicing.cxx(1098): warning C4482: nonstandard extension used: enum 'Cardiac_Windows' used in qualified name
     1>ImageViewer\ImageSlicing.cxx(1102): warning C4482: nonstandard extension used: enum 'Cardiac_Windows' used in qualified name
     1>ImageViewer\ImageSlicing.cxx(1241): warning C4482: nonstandard extension used: enum 'Cardiac_Windows' used in qualified name
     1>ImageViewer\ImageSlicing.cxx(1245): warning C4482: nonstandard extension used: enum 'Cardiac_Windows' used in qualified name
     1>ImageViewer\ImageSlicing.cxx(1249): warning C4482: nonstandard extension used: enum 'Cardiac_Windows' used in qualified name
     1>ImageViewer\ImageSlicing.cxx(1253): warning C4482: nonstandard extension used: enum 'Cardiac_Windows' used in qualified name
     1>ImageViewer\ImageSlicing.cxx(1257): warning C4482: nonstandard extension used: enum 'Cardiac_Windows' used in qualified name
     1>ImageViewer\ImageSlicing.cxx(1261): warning C4482: nonstandard extension used: enum 'Cardiac_Windows' used in qualified name
     1>ImageViewer\ImageSlicing.cxx(1265): warning C4482: nonstandard extension used: enum 'Cardiac_Windows' used in qualified name
     1>ImageViewer\ImageSlicing.cxx(1321): warning C4482: nonstandard extension used: enum 'Cardiac_Windows' used in qualified name
     1>ImageViewer\ImageSlicing.cxx(1329): warning C4482: nonstandard extension used: enum 'Cardiac_Windows' used in qualified name
     1>ImageViewer\ImageSlicing.cxx(1337): warning C4482: nonstandard extension used: enum 'Cardiac_Windows' used in qualified name
     1>ImageViewer\ImageSlicing.cxx(1345): warning C4482: nonstandard extension used: enum 'Cardiac_Windows' used in qualified name
     1>ImageViewer\ImageSlicing.cxx(1353): warning C4482: nonstandard extension used: enum 'Cardiac_Windows' used in qualified name
     1>ImageViewer\ImageSlicing.cxx(1361): warning C4482: nonstandard extension used: enum 'Cardiac_Windows' used in qualified name
         All outputs are up-to-date.
       Link:
         C:\Program Files (x86)\Microsoft Visual Studio 10.0\VC\bin\x86_amd64\link.exe /ERRORREPORT:PROMPT /OUT:"C:\Projects\Backups\VETS 4D\Debug\ImageViewer.exe" /INCREMENTAL /NOLOGO /LIBPATH:"C:/Graphics Libraries/Binaries/ITK-3.2 x64/bin" /LIBPATH:"C:/Graphics Libraries/Binaries/ITK-3.2 x64/bin/Debug" /LIBPATH:"C:/Graphics Libraries/Binaries/fltk-1.1.10/bin" /LIBPATH:"C:/Graphics Libraries/Binaries/fltk-1.1.10/bin/Debug" /LIBPATH:"C:\Graphics Libraries\Binaries\VTK5.10.1 x64\bin\Debug" kernel32.lib user32.lib gdi32.lib winspool.lib shell32.lib ole32.lib oleaut32.lib uuid.lib comdlg32.lib advapi32.lib ITKAlgorithms.lib ITKCommon.lib ITKBasicFilters.lib ITKIO.lib ITKNrrdIO.lib itkgdcm.lib itkjpeg12.lib itkjpeg16.lib itkopenjpeg.lib snmpapi.lib rpcrt4.lib itkpng.lib itktiff.lib itkjpeg8.lib ITKSpatialObject.lib ITKMetaIO.lib ITKDICOMParser.lib ITKEXPAT.lib ITKniftiio.lib ITKznz.lib itkzlib.lib ITKStatistics.lib itkNetlibSlatec.lib ITKNumerics.lib itkvnl_inst.lib itkvnl_algo.lib itkv3p_netlib.lib itkvnl.lib itkvcl.lib itkv3p_lsqr.lib itksys.lib ws2_32.lib Psapi.lib fltk_images.lib fltk_gl.lib fltk_forms.lib fltk.lib wsock32.lib comctl32.lib fltk_jpeg.lib fltk_png.lib fltk_zlib.lib glu32.lib opengl32.lib vtkRendering.lib vtkCommon.lib vtkGraphics.lib vtkverdict.lib vtkImaging.lib vtkIO.lib vtkFiltering.lib vtkDICOMParser.lib vtkNetCDF_cxx.lib vtkNetCDF.lib vtkmetaio.lib vtksys.lib vtksqlite.lib vtkpng.lib vtktiff.lib vtkzlib.lib vtkjpeg.lib vtkexpat.lib vtkftgl.lib vtkfreetype.lib vtkwidgets.lib /MANIFEST /ManifestFile:"ImageViewer.dir\Debug\ImageViewer.exe.intermediate.manifest" /MANIFESTUAC:"level='asInvoker' uiAccess='false'" /DEBUG /PDB:"C:/Graphics Libraries/Binaries/ITKApp 3.2 x64/ImageViewer/Debug/ImageViewer.pdb" /SUBSYSTEM:CONSOLE /STACK:"10000000" /TLBID:1 /DYNAMICBASE /FIXED:NO /NXCOMPAT /IMPLIB:"C:/Graphics Libraries/Binaries/ITKApp 3.2 x64/ImageViewer/Debug/ImageViewer.lib" /MACHINE:X64 ImageViewer.dir\Debug\ImageSlicing.obj
         ImageViewer.dir\Debug\ImageViewer.obj
         ImageViewer.dir\Debug\VideoPlayer.obj
         "ImageViewer.dir\Debug\.NETFramework,Version=v4.0.AssemblyAttributes.obj"
         ImageViewer\ATC3DG64.lib  /machine:x64 /debug 
     1>ImageSlicing.obj : warning LNK4248: unresolved typeref token (01000019) for 'vtkAlgorithmOutput'; image may not run
         ImageViewer.vcxproj -> C:\Projects\Backups\VETS 4D\Debug\ImageViewer.exe
       Manifest:
         C:\Program Files (x86)\Microsoft SDKs\Windows\v7.0A\bin\mt.exe /nologo /verbose /outputresource:"C:\Projects\Backups\VETS 4D\Debug\ImageViewer.exe;#1" /manifest ImageViewer.dir\Debug\ImageViewer.exe.intermediate.manifest
       FinalizeBuildStatus:
         Deleting file "ImageViewer.dir\Debug\ImageViewer.unsuccessfulbuild".
         Touching "ImageViewer.dir\Debug\ImageViewer.lastbuildstate".
     1>Done Building Project "C:\Projects\Backups\VETS 4D\ImageViewer.vcxproj" (build target(s)).

Build succeeded.

Time Elapsed 00:00:10.98
